<?xml version="1.0" encoding="UTF-8"?>
<!-- Generated by org.testng.reporters.JUnitXMLReporter -->
<testsuite ignored="0" hostname="Himanshu-PC" failures="1" tests="6" name="DemoQARegression" time="365.115" errors="0" timestamp="2024-05-07T19:40:22 IST">
  <testcase classname="io.cucumber.testng.AbstractTestNGCucumberTests" name="runScenario" time="87.006">
    <failure type="java.lang.AssertionError" message="FAILED | Output of double click action is mismatched expected [] but found [You have done a double click]">
      <![CDATA[java.lang.AssertionError: FAILED | Output of double click action is mismatched expected [] but found [You have done a double click]
at StepDefinitions.ButtonsFeature_StepDefinitions.user_perform_double_click_action_on_double_click_me_button_and_verify_the_result(ButtonsFeature_StepDefinitions.java:22)
at ✽.User perform double click action on Double Click Me button and verify the Result "You have done a double click"(file:///D:/Automation2k24/DEMOQA_CucumberBDD/./Features/ButtonsFeature.feature:11)
... Removed 5 stack frames]]>
    </failure>
  </testcase> <!-- runScenario -->
  <testcase classname="io.cucumber.testng.AbstractTestNGCucumberTests" name="runScenario" time="27.164"/>
  <testcase classname="io.cucumber.testng.AbstractTestNGCucumberTests" name="runScenario" time="84.793"/>
  <testcase classname="io.cucumber.testng.AbstractTestNGCucumberTests" name="runScenario" time="26.444"/>
  <testcase classname="io.cucumber.testng.AbstractTestNGCucumberTests" name="runScenario" time="67.112"/>
  <testcase classname="io.cucumber.testng.AbstractTestNGCucumberTests" name="runScenario" time="71.28"/>
</testsuite> <!-- DemoQARegression -->
