<?xml version="1.0" encoding="UTF-8"?>
<testng-results ignored="0" total="3" passed="3" failed="0" skipped="0">
  <reporter-output>
  </reporter-output>
  <suite started-at="2024-04-29T18:09:45 IST" name="Default suite" finished-at="2024-04-29T18:13:28 IST" duration-ms="223285">
    <groups>
      <group name="cucumber">
        <method signature="AbstractTestNGCucumberTests.runScenario(io.cucumber.testng.PickleWrapper,io.cucumber.testng.FeatureWrapper)[pri:0, instance:TestRunner.Runner@e383572]" name="runScenario" class="io.cucumber.testng.AbstractTestNGCucumberTests"/>
      </group> <!-- cucumber -->
    </groups>
    <test started-at="2024-04-29T18:09:45 IST" name="Default test" finished-at="2024-04-29T18:13:28 IST" duration-ms="223285">
      <class name="TestRunner.Runner">
        <test-method is-config="true" signature="setUpClass(org.testng.ITestContext)[pri:0, instance:TestRunner.Runner@e383572]" started-at="2024-04-29T18:09:45 IST" name="setUpClass" finished-at="2024-04-29T18:09:46 IST" duration-ms="1013" status="PASS">
          <params>
            <param index="0">
              <value>
                <![CDATA[org.testng.TestRunner@26fadd98]]>
              </value>
            </param>
          </params>
          <reporter-output>
          </reporter-output>
        </test-method> <!-- setUpClass -->
        <test-method signature="runScenario(io.cucumber.testng.PickleWrapper,io.cucumber.testng.FeatureWrapper)[pri:0, instance:TestRunner.Runner@e383572]" started-at="2024-04-29T18:09:46 IST" name="runScenario" description="Runs Cucumber Scenarios" data-provider="scenarios" finished-at="2024-04-29T18:11:05 IST" duration-ms="78971" status="PASS">
          <params>
            <param index="0">
              <value>
                <![CDATA["Validate the CheckBoxes component under Elements Tile"]]>
              </value>
            </param>
            <param index="1">
              <value>
                <![CDATA["CheckBoxes_Element"]]>
              </value>
            </param>
          </params>
          <reporter-output>
          </reporter-output>
        </test-method> <!-- runScenario -->
        <test-method signature="runScenario(io.cucumber.testng.PickleWrapper,io.cucumber.testng.FeatureWrapper)[pri:0, instance:TestRunner.Runner@e383572]" started-at="2024-04-29T18:11:05 IST" name="runScenario" description="Runs Cucumber Scenarios" data-provider="scenarios" finished-at="2024-04-29T18:12:16 IST" duration-ms="71317" status="PASS">
          <params>
            <param index="0">
              <value>
                <![CDATA["Validate the Radio buttons component under Elements Tile"]]>
              </value>
            </param>
            <param index="1">
              <value>
                <![CDATA["RadioButtons_Element"]]>
              </value>
            </param>
          </params>
          <reporter-output>
          </reporter-output>
        </test-method> <!-- runScenario -->
        <test-method signature="runScenario(io.cucumber.testng.PickleWrapper,io.cucumber.testng.FeatureWrapper)[pri:0, instance:TestRunner.Runner@e383572]" started-at="2024-04-29T18:12:16 IST" name="runScenario" description="Runs Cucumber Scenarios" data-provider="scenarios" finished-at="2024-04-29T18:13:28 IST" duration-ms="71806" status="PASS">
          <params>
            <param index="0">
              <value>
                <![CDATA["Validate the TextBoxes component under Elements Tile"]]>
              </value>
            </param>
            <param index="1">
              <value>
                <![CDATA["TextBoxes_Element"]]>
              </value>
            </param>
          </params>
          <reporter-output>
          </reporter-output>
        </test-method> <!-- runScenario -->
        <test-method is-config="true" signature="tearDownClass()[pri:0, instance:TestRunner.Runner@e383572]" started-at="2024-04-29T18:13:28 IST" name="tearDownClass" finished-at="2024-04-29T18:13:28 IST" duration-ms="94" status="PASS">
          <reporter-output>
          </reporter-output>
        </test-method> <!-- tearDownClass -->
      </class> <!-- TestRunner.Runner -->
    </test> <!-- Default test -->
  </suite> <!-- Default suite -->
</testng-results>
